Warning[203] X:\TERM 7\LBYEC3L\1_LAB ACTIVITIES\EXPERIMENT 2\MPLAB\EXERCISE 1\EXERCISE1A.ASM 2 : Found opcode in column 1. (BSF)
Warning[203] X:\TERM 7\LBYEC3L\1_LAB ACTIVITIES\EXPERIMENT 2\MPLAB\EXERCISE 1\EXERCISE1A.ASM 4 : Found opcode in column 1. (MOVLW)
Warning[203] X:\TERM 7\LBYEC3L\1_LAB ACTIVITIES\EXPERIMENT 2\MPLAB\EXERCISE 1\EXERCISE1A.ASM 6 : Found opcode in column 1. (MOVWF)
Message[302] X:\TERM 7\LBYEC3L\1_LAB ACTIVITIES\EXPERIMENT 2\MPLAB\EXERCISE 1\EXERCISE1A.ASM 6 : Register in operand not in bank 0.  Ensure that bank bits are correct.
Warning[203] X:\TERM 7\LBYEC3L\1_LAB ACTIVITIES\EXPERIMENT 2\MPLAB\EXERCISE 1\EXERCISE1A.ASM 8 : Found opcode in column 1. (MOVLW)
Warning[203] X:\TERM 7\LBYEC3L\1_LAB ACTIVITIES\EXPERIMENT 2\MPLAB\EXERCISE 1\EXERCISE1A.ASM 10 : Found opcode in column 1. (MOVWF)
Message[302] X:\TERM 7\LBYEC3L\1_LAB ACTIVITIES\EXPERIMENT 2\MPLAB\EXERCISE 1\EXERCISE1A.ASM 10 : Register in operand not in bank 0.  Ensure that bank bits are correct.
Warning[203] X:\TERM 7\LBYEC3L\1_LAB ACTIVITIES\EXPERIMENT 2\MPLAB\EXERCISE 1\EXERCISE1A.ASM 12 : Found opcode in column 1. (BCF)
Warning[203] X:\TERM 7\LBYEC3L\1_LAB ACTIVITIES\EXPERIMENT 2\MPLAB\EXERCISE 1\EXERCISE1A.ASM 16 : Found opcode in column 1. (BTFSS)
Warning[203] X:\TERM 7\LBYEC3L\1_LAB ACTIVITIES\EXPERIMENT 2\MPLAB\EXERCISE 1\EXERCISE1A.ASM 17 : Found opcode in column 1. (goto)
Warning[203] X:\TERM 7\LBYEC3L\1_LAB ACTIVITIES\EXPERIMENT 2\MPLAB\EXERCISE 1\EXERCISE1A.ASM 18 : Found opcode in column 1. (goto)
Warning[203] X:\TERM 7\LBYEC3L\1_LAB ACTIVITIES\EXPERIMENT 2\MPLAB\EXERCISE 1\EXERCISE1A.ASM 22 : Found opcode in column 1. (BTFSS)
Warning[203] X:\TERM 7\LBYEC3L\1_LAB ACTIVITIES\EXPERIMENT 2\MPLAB\EXERCISE 1\EXERCISE1A.ASM 23 : Found opcode in column 1. (goto)
Warning[203] X:\TERM 7\LBYEC3L\1_LAB ACTIVITIES\EXPERIMENT 2\MPLAB\EXERCISE 1\EXERCISE1A.ASM 24 : Found opcode in column 1. (goto)
Warning[203] X:\TERM 7\LBYEC3L\1_LAB ACTIVITIES\EXPERIMENT 2\MPLAB\EXERCISE 1\EXERCISE1A.ASM 27 : Found opcode in column 1. (BTFSS)
Warning[203] X:\TERM 7\LBYEC3L\1_LAB ACTIVITIES\EXPERIMENT 2\MPLAB\EXERCISE 1\EXERCISE1A.ASM 28 : Found opcode in column 1. (goto)
Warning[203] X:\TERM 7\LBYEC3L\1_LAB ACTIVITIES\EXPERIMENT 2\MPLAB\EXERCISE 1\EXERCISE1A.ASM 29 : Found opcode in column 1. (goto)
Warning[203] X:\TERM 7\LBYEC3L\1_LAB ACTIVITIES\EXPERIMENT 2\MPLAB\EXERCISE 1\EXERCISE1A.ASM 33 : Found opcode in column 1. (BTFSS)
Warning[203] X:\TERM 7\LBYEC3L\1_LAB ACTIVITIES\EXPERIMENT 2\MPLAB\EXERCISE 1\EXERCISE1A.ASM 34 : Found opcode in column 1. (goto)
Warning[203] X:\TERM 7\LBYEC3L\1_LAB ACTIVITIES\EXPERIMENT 2\MPLAB\EXERCISE 1\EXERCISE1A.ASM 35 : Found opcode in column 1. (goto)
Warning[203] X:\TERM 7\LBYEC3L\1_LAB ACTIVITIES\EXPERIMENT 2\MPLAB\EXERCISE 1\EXERCISE1A.ASM 38 : Found opcode in column 1. (BTFSS)
Warning[203] X:\TERM 7\LBYEC3L\1_LAB ACTIVITIES\EXPERIMENT 2\MPLAB\EXERCISE 1\EXERCISE1A.ASM 39 : Found opcode in column 1. (goto)
Warning[203] X:\TERM 7\LBYEC3L\1_LAB ACTIVITIES\EXPERIMENT 2\MPLAB\EXERCISE 1\EXERCISE1A.ASM 40 : Found opcode in column 1. (goto)
Warning[203] X:\TERM 7\LBYEC3L\1_LAB ACTIVITIES\EXPERIMENT 2\MPLAB\EXERCISE 1\EXERCISE1A.ASM 43 : Found opcode in column 1. (BTFSS)
Warning[203] X:\TERM 7\LBYEC3L\1_LAB ACTIVITIES\EXPERIMENT 2\MPLAB\EXERCISE 1\EXERCISE1A.ASM 44 : Found opcode in column 1. (goto)
Warning[203] X:\TERM 7\LBYEC3L\1_LAB ACTIVITIES\EXPERIMENT 2\MPLAB\EXERCISE 1\EXERCISE1A.ASM 45 : Found opcode in column 1. (goto)
Warning[203] X:\TERM 7\LBYEC3L\1_LAB ACTIVITIES\EXPERIMENT 2\MPLAB\EXERCISE 1\EXERCISE1A.ASM 48 : Found opcode in column 1. (BTFSS)
Warning[203] X:\TERM 7\LBYEC3L\1_LAB ACTIVITIES\EXPERIMENT 2\MPLAB\EXERCISE 1\EXERCISE1A.ASM 49 : Found opcode in column 1. (goto)
Warning[203] X:\TERM 7\LBYEC3L\1_LAB ACTIVITIES\EXPERIMENT 2\MPLAB\EXERCISE 1\EXERCISE1A.ASM 50 : Found opcode in column 1. (goto)
Warning[203] X:\TERM 7\LBYEC3L\1_LAB ACTIVITIES\EXPERIMENT 2\MPLAB\EXERCISE 1\EXERCISE1A.ASM 55 : Found opcode in column 1. (BTFSS)
Warning[203] X:\TERM 7\LBYEC3L\1_LAB ACTIVITIES\EXPERIMENT 2\MPLAB\EXERCISE 1\EXERCISE1A.ASM 56 : Found opcode in column 1. (goto)
Warning[203] X:\TERM 7\LBYEC3L\1_LAB ACTIVITIES\EXPERIMENT 2\MPLAB\EXERCISE 1\EXERCISE1A.ASM 57 : Found opcode in column 1. (goto)
Warning[203] X:\TERM 7\LBYEC3L\1_LAB ACTIVITIES\EXPERIMENT 2\MPLAB\EXERCISE 1\EXERCISE1A.ASM 60 : Found opcode in column 1. (BTFSS)
Warning[203] X:\TERM 7\LBYEC3L\1_LAB ACTIVITIES\EXPERIMENT 2\MPLAB\EXERCISE 1\EXERCISE1A.ASM 61 : Found opcode in column 1. (goto)
Warning[203] X:\TERM 7\LBYEC3L\1_LAB ACTIVITIES\EXPERIMENT 2\MPLAB\EXERCISE 1\EXERCISE1A.ASM 62 : Found opcode in column 1. (goto)
Warning[203] X:\TERM 7\LBYEC3L\1_LAB ACTIVITIES\EXPERIMENT 2\MPLAB\EXERCISE 1\EXERCISE1A.ASM 65 : Found opcode in column 1. (BTFSS)
Warning[203] X:\TERM 7\LBYEC3L\1_LAB ACTIVITIES\EXPERIMENT 2\MPLAB\EXERCISE 1\EXERCISE1A.ASM 66 : Found opcode in column 1. (goto)
Warning[203] X:\TERM 7\LBYEC3L\1_LAB ACTIVITIES\EXPERIMENT 2\MPLAB\EXERCISE 1\EXERCISE1A.ASM 67 : Found opcode in column 1. (goto)
Warning[203] X:\TERM 7\LBYEC3L\1_LAB ACTIVITIES\EXPERIMENT 2\MPLAB\EXERCISE 1\EXERCISE1A.ASM 70 : Found opcode in column 1. (BTFSS)
Warning[203] X:\TERM 7\LBYEC3L\1_LAB ACTIVITIES\EXPERIMENT 2\MPLAB\EXERCISE 1\EXERCISE1A.ASM 71 : Found opcode in column 1. (goto)
Warning[203] X:\TERM 7\LBYEC3L\1_LAB ACTIVITIES\EXPERIMENT 2\MPLAB\EXERCISE 1\EXERCISE1A.ASM 72 : Found opcode in column 1. (goto)
Warning[203] X:\TERM 7\LBYEC3L\1_LAB ACTIVITIES\EXPERIMENT 2\MPLAB\EXERCISE 1\EXERCISE1A.ASM 75 : Found opcode in column 1. (BTFSS)
Warning[203] X:\TERM 7\LBYEC3L\1_LAB ACTIVITIES\EXPERIMENT 2\MPLAB\EXERCISE 1\EXERCISE1A.ASM 76 : Found opcode in column 1. (goto)
Warning[203] X:\TERM 7\LBYEC3L\1_LAB ACTIVITIES\EXPERIMENT 2\MPLAB\EXERCISE 1\EXERCISE1A.ASM 77 : Found opcode in column 1. (goto)
Warning[203] X:\TERM 7\LBYEC3L\1_LAB ACTIVITIES\EXPERIMENT 2\MPLAB\EXERCISE 1\EXERCISE1A.ASM 80 : Found opcode in column 1. (BTFSS)
Warning[203] X:\TERM 7\LBYEC3L\1_LAB ACTIVITIES\EXPERIMENT 2\MPLAB\EXERCISE 1\EXERCISE1A.ASM 81 : Found opcode in column 1. (goto)
Warning[203] X:\TERM 7\LBYEC3L\1_LAB ACTIVITIES\EXPERIMENT 2\MPLAB\EXERCISE 1\EXERCISE1A.ASM 82 : Found opcode in column 1. (goto)
Warning[203] X:\TERM 7\LBYEC3L\1_LAB ACTIVITIES\EXPERIMENT 2\MPLAB\EXERCISE 1\EXERCISE1A.ASM 85 : Found opcode in column 1. (BTFSS)
Warning[203] X:\TERM 7\LBYEC3L\1_LAB ACTIVITIES\EXPERIMENT 2\MPLAB\EXERCISE 1\EXERCISE1A.ASM 86 : Found opcode in column 1. (goto)
Warning[203] X:\TERM 7\LBYEC3L\1_LAB ACTIVITIES\EXPERIMENT 2\MPLAB\EXERCISE 1\EXERCISE1A.ASM 87 : Found opcode in column 1. (goto)
Warning[203] X:\TERM 7\LBYEC3L\1_LAB ACTIVITIES\EXPERIMENT 2\MPLAB\EXERCISE 1\EXERCISE1A.ASM 90 : Found opcode in column 1. (BTFSS)
Warning[203] X:\TERM 7\LBYEC3L\1_LAB ACTIVITIES\EXPERIMENT 2\MPLAB\EXERCISE 1\EXERCISE1A.ASM 91 : Found opcode in column 1. (goto)
Warning[203] X:\TERM 7\LBYEC3L\1_LAB ACTIVITIES\EXPERIMENT 2\MPLAB\EXERCISE 1\EXERCISE1A.ASM 92 : Found opcode in column 1. (goto)
Warning[203] X:\TERM 7\LBYEC3L\1_LAB ACTIVITIES\EXPERIMENT 2\MPLAB\EXERCISE 1\EXERCISE1A.ASM 95 : Found opcode in column 1. (BSF)
Warning[203] X:\TERM 7\LBYEC3L\1_LAB ACTIVITIES\EXPERIMENT 2\MPLAB\EXERCISE 1\EXERCISE1A.ASM 96 : Found opcode in column 1. (goto)
Warning[203] X:\TERM 7\LBYEC3L\1_LAB ACTIVITIES\EXPERIMENT 2\MPLAB\EXERCISE 1\EXERCISE1A.ASM 99 : Found opcode in column 1. (BCF)
Warning[203] X:\TERM 7\LBYEC3L\1_LAB ACTIVITIES\EXPERIMENT 2\MPLAB\EXERCISE 1\EXERCISE1A.ASM 100 : Found opcode in column 1. (goto)
Warning[205] X:\TERM 7\LBYEC3L\1_LAB ACTIVITIES\EXPERIMENT 2\MPLAB\EXERCISE 1\EXERCISE1A.ASM 102 : Found directive in column 1. (END)
