Warning[203] X:\TERM 7\LBYEC3L\1_LAB ACTIVITIES\EXPERIMENT 2\MPLAB\EXERCISE 2\EXERCISE2.ASM 2 : Found opcode in column 1. (BSF)
Warning[203] X:\TERM 7\LBYEC3L\1_LAB ACTIVITIES\EXPERIMENT 2\MPLAB\EXERCISE 2\EXERCISE2.ASM 3 : Found opcode in column 1. (MOVLW)
Warning[203] X:\TERM 7\LBYEC3L\1_LAB ACTIVITIES\EXPERIMENT 2\MPLAB\EXERCISE 2\EXERCISE2.ASM 4 : Found opcode in column 1. (MOVWF)
Message[302] X:\TERM 7\LBYEC3L\1_LAB ACTIVITIES\EXPERIMENT 2\MPLAB\EXERCISE 2\EXERCISE2.ASM 4 : Register in operand not in bank 0.  Ensure that bank bits are correct.
Warning[203] X:\TERM 7\LBYEC3L\1_LAB ACTIVITIES\EXPERIMENT 2\MPLAB\EXERCISE 2\EXERCISE2.ASM 5 : Found opcode in column 1. (MOVLW)
Warning[203] X:\TERM 7\LBYEC3L\1_LAB ACTIVITIES\EXPERIMENT 2\MPLAB\EXERCISE 2\EXERCISE2.ASM 6 : Found opcode in column 1. (MOVWF)
Message[302] X:\TERM 7\LBYEC3L\1_LAB ACTIVITIES\EXPERIMENT 2\MPLAB\EXERCISE 2\EXERCISE2.ASM 6 : Register in operand not in bank 0.  Ensure that bank bits are correct.
Warning[203] X:\TERM 7\LBYEC3L\1_LAB ACTIVITIES\EXPERIMENT 2\MPLAB\EXERCISE 2\EXERCISE2.ASM 7 : Found opcode in column 1. (BCF)
Warning[203] X:\TERM 7\LBYEC3L\1_LAB ACTIVITIES\EXPERIMENT 2\MPLAB\EXERCISE 2\EXERCISE2.ASM 10 : Found opcode in column 1. (MOVLW)
Warning[203] X:\TERM 7\LBYEC3L\1_LAB ACTIVITIES\EXPERIMENT 2\MPLAB\EXERCISE 2\EXERCISE2.ASM 11 : Found opcode in column 1. (MOVWF)
Warning[203] X:\TERM 7\LBYEC3L\1_LAB ACTIVITIES\EXPERIMENT 2\MPLAB\EXERCISE 2\EXERCISE2.ASM 12 : Found opcode in column 1. (MOVLW)
Warning[203] X:\TERM 7\LBYEC3L\1_LAB ACTIVITIES\EXPERIMENT 2\MPLAB\EXERCISE 2\EXERCISE2.ASM 13 : Found opcode in column 1. (MOVWF)
Warning[203] X:\TERM 7\LBYEC3L\1_LAB ACTIVITIES\EXPERIMENT 2\MPLAB\EXERCISE 2\EXERCISE2.ASM 17 : Found opcode in column 1. (MOVLW)
Warning[203] X:\TERM 7\LBYEC3L\1_LAB ACTIVITIES\EXPERIMENT 2\MPLAB\EXERCISE 2\EXERCISE2.ASM 18 : Found opcode in column 1. (MOVWF)
Warning[203] X:\TERM 7\LBYEC3L\1_LAB ACTIVITIES\EXPERIMENT 2\MPLAB\EXERCISE 2\EXERCISE2.ASM 19 : Found opcode in column 1. (MOVLW)
Warning[203] X:\TERM 7\LBYEC3L\1_LAB ACTIVITIES\EXPERIMENT 2\MPLAB\EXERCISE 2\EXERCISE2.ASM 20 : Found opcode in column 1. (MOVWF)
Warning[203] X:\TERM 7\LBYEC3L\1_LAB ACTIVITIES\EXPERIMENT 2\MPLAB\EXERCISE 2\EXERCISE2.ASM 24 : Found opcode in column 1. (MOVLW)
Warning[203] X:\TERM 7\LBYEC3L\1_LAB ACTIVITIES\EXPERIMENT 2\MPLAB\EXERCISE 2\EXERCISE2.ASM 25 : Found opcode in column 1. (MOVWF)
Warning[203] X:\TERM 7\LBYEC3L\1_LAB ACTIVITIES\EXPERIMENT 2\MPLAB\EXERCISE 2\EXERCISE2.ASM 26 : Found opcode in column 1. (MOVLW)
Warning[203] X:\TERM 7\LBYEC3L\1_LAB ACTIVITIES\EXPERIMENT 2\MPLAB\EXERCISE 2\EXERCISE2.ASM 27 : Found opcode in column 1. (MOVWF)
Warning[203] X:\TERM 7\LBYEC3L\1_LAB ACTIVITIES\EXPERIMENT 2\MPLAB\EXERCISE 2\EXERCISE2.ASM 31 : Found opcode in column 1. (MOVLW)
Warning[203] X:\TERM 7\LBYEC3L\1_LAB ACTIVITIES\EXPERIMENT 2\MPLAB\EXERCISE 2\EXERCISE2.ASM 32 : Found opcode in column 1. (MOVWF)
Warning[203] X:\TERM 7\LBYEC3L\1_LAB ACTIVITIES\EXPERIMENT 2\MPLAB\EXERCISE 2\EXERCISE2.ASM 33 : Found opcode in column 1. (MOVLW)
Warning[203] X:\TERM 7\LBYEC3L\1_LAB ACTIVITIES\EXPERIMENT 2\MPLAB\EXERCISE 2\EXERCISE2.ASM 34 : Found opcode in column 1. (MOVWF)
Warning[203] X:\TERM 7\LBYEC3L\1_LAB ACTIVITIES\EXPERIMENT 2\MPLAB\EXERCISE 2\EXERCISE2.ASM 38 : Found opcode in column 1. (MOVLW)
Warning[203] X:\TERM 7\LBYEC3L\1_LAB ACTIVITIES\EXPERIMENT 2\MPLAB\EXERCISE 2\EXERCISE2.ASM 39 : Found opcode in column 1. (MOVWF)
Warning[203] X:\TERM 7\LBYEC3L\1_LAB ACTIVITIES\EXPERIMENT 2\MPLAB\EXERCISE 2\EXERCISE2.ASM 40 : Found opcode in column 1. (MOVLW)
Warning[203] X:\TERM 7\LBYEC3L\1_LAB ACTIVITIES\EXPERIMENT 2\MPLAB\EXERCISE 2\EXERCISE2.ASM 41 : Found opcode in column 1. (MOVWF)
Warning[203] X:\TERM 7\LBYEC3L\1_LAB ACTIVITIES\EXPERIMENT 2\MPLAB\EXERCISE 2\EXERCISE2.ASM 45 : Found opcode in column 1. (MOVLW)
Warning[203] X:\TERM 7\LBYEC3L\1_LAB ACTIVITIES\EXPERIMENT 2\MPLAB\EXERCISE 2\EXERCISE2.ASM 46 : Found opcode in column 1. (MOVWF)
Warning[203] X:\TERM 7\LBYEC3L\1_LAB ACTIVITIES\EXPERIMENT 2\MPLAB\EXERCISE 2\EXERCISE2.ASM 47 : Found opcode in column 1. (MOVLW)
Warning[203] X:\TERM 7\LBYEC3L\1_LAB ACTIVITIES\EXPERIMENT 2\MPLAB\EXERCISE 2\EXERCISE2.ASM 48 : Found opcode in column 1. (MOVWF)
Warning[203] X:\TERM 7\LBYEC3L\1_LAB ACTIVITIES\EXPERIMENT 2\MPLAB\EXERCISE 2\EXERCISE2.ASM 52 : Found opcode in column 1. (MOVLW)
Warning[203] X:\TERM 7\LBYEC3L\1_LAB ACTIVITIES\EXPERIMENT 2\MPLAB\EXERCISE 2\EXERCISE2.ASM 53 : Found opcode in column 1. (MOVWF)
Warning[203] X:\TERM 7\LBYEC3L\1_LAB ACTIVITIES\EXPERIMENT 2\MPLAB\EXERCISE 2\EXERCISE2.ASM 54 : Found opcode in column 1. (MOVLW)
Warning[203] X:\TERM 7\LBYEC3L\1_LAB ACTIVITIES\EXPERIMENT 2\MPLAB\EXERCISE 2\EXERCISE2.ASM 55 : Found opcode in column 1. (MOVWF)
Warning[203] X:\TERM 7\LBYEC3L\1_LAB ACTIVITIES\EXPERIMENT 2\MPLAB\EXERCISE 2\EXERCISE2.ASM 59 : Found opcode in column 1. (MOVLW)
Warning[203] X:\TERM 7\LBYEC3L\1_LAB ACTIVITIES\EXPERIMENT 2\MPLAB\EXERCISE 2\EXERCISE2.ASM 60 : Found opcode in column 1. (MOVWF)
Warning[203] X:\TERM 7\LBYEC3L\1_LAB ACTIVITIES\EXPERIMENT 2\MPLAB\EXERCISE 2\EXERCISE2.ASM 61 : Found opcode in column 1. (MOVLW)
Warning[203] X:\TERM 7\LBYEC3L\1_LAB ACTIVITIES\EXPERIMENT 2\MPLAB\EXERCISE 2\EXERCISE2.ASM 62 : Found opcode in column 1. (MOVWF)
Warning[203] X:\TERM 7\LBYEC3L\1_LAB ACTIVITIES\EXPERIMENT 2\MPLAB\EXERCISE 2\EXERCISE2.ASM 66 : Found opcode in column 1. (MOVLW)
Warning[203] X:\TERM 7\LBYEC3L\1_LAB ACTIVITIES\EXPERIMENT 2\MPLAB\EXERCISE 2\EXERCISE2.ASM 67 : Found opcode in column 1. (MOVWF)
Warning[203] X:\TERM 7\LBYEC3L\1_LAB ACTIVITIES\EXPERIMENT 2\MPLAB\EXERCISE 2\EXERCISE2.ASM 68 : Found opcode in column 1. (MOVLW)
Warning[203] X:\TERM 7\LBYEC3L\1_LAB ACTIVITIES\EXPERIMENT 2\MPLAB\EXERCISE 2\EXERCISE2.ASM 69 : Found opcode in column 1. (MOVWF)
Warning[203] X:\TERM 7\LBYEC3L\1_LAB ACTIVITIES\EXPERIMENT 2\MPLAB\EXERCISE 2\EXERCISE2.ASM 73 : Found opcode in column 1. (MOVLW)
Warning[203] X:\TERM 7\LBYEC3L\1_LAB ACTIVITIES\EXPERIMENT 2\MPLAB\EXERCISE 2\EXERCISE2.ASM 74 : Found opcode in column 1. (MOVWF)
Warning[203] X:\TERM 7\LBYEC3L\1_LAB ACTIVITIES\EXPERIMENT 2\MPLAB\EXERCISE 2\EXERCISE2.ASM 75 : Found opcode in column 1. (MOVLW)
Warning[203] X:\TERM 7\LBYEC3L\1_LAB ACTIVITIES\EXPERIMENT 2\MPLAB\EXERCISE 2\EXERCISE2.ASM 76 : Found opcode in column 1. (MOVWF)
Warning[203] X:\TERM 7\LBYEC3L\1_LAB ACTIVITIES\EXPERIMENT 2\MPLAB\EXERCISE 2\EXERCISE2.ASM 80 : Found opcode in column 1. (MOVLW)
Warning[203] X:\TERM 7\LBYEC3L\1_LAB ACTIVITIES\EXPERIMENT 2\MPLAB\EXERCISE 2\EXERCISE2.ASM 81 : Found opcode in column 1. (MOVWF)
Warning[203] X:\TERM 7\LBYEC3L\1_LAB ACTIVITIES\EXPERIMENT 2\MPLAB\EXERCISE 2\EXERCISE2.ASM 82 : Found opcode in column 1. (MOVLW)
Warning[203] X:\TERM 7\LBYEC3L\1_LAB ACTIVITIES\EXPERIMENT 2\MPLAB\EXERCISE 2\EXERCISE2.ASM 83 : Found opcode in column 1. (MOVWF)
Warning[203] X:\TERM 7\LBYEC3L\1_LAB ACTIVITIES\EXPERIMENT 2\MPLAB\EXERCISE 2\EXERCISE2.ASM 87 : Found opcode in column 1. (MOVLW)
Warning[203] X:\TERM 7\LBYEC3L\1_LAB ACTIVITIES\EXPERIMENT 2\MPLAB\EXERCISE 2\EXERCISE2.ASM 88 : Found opcode in column 1. (MOVWF)
Warning[203] X:\TERM 7\LBYEC3L\1_LAB ACTIVITIES\EXPERIMENT 2\MPLAB\EXERCISE 2\EXERCISE2.ASM 89 : Found opcode in column 1. (MOVLW)
Warning[203] X:\TERM 7\LBYEC3L\1_LAB ACTIVITIES\EXPERIMENT 2\MPLAB\EXERCISE 2\EXERCISE2.ASM 90 : Found opcode in column 1. (MOVWF)
Warning[203] X:\TERM 7\LBYEC3L\1_LAB ACTIVITIES\EXPERIMENT 2\MPLAB\EXERCISE 2\EXERCISE2.ASM 94 : Found opcode in column 1. (MOVLW)
Warning[203] X:\TERM 7\LBYEC3L\1_LAB ACTIVITIES\EXPERIMENT 2\MPLAB\EXERCISE 2\EXERCISE2.ASM 95 : Found opcode in column 1. (MOVWF)
Warning[203] X:\TERM 7\LBYEC3L\1_LAB ACTIVITIES\EXPERIMENT 2\MPLAB\EXERCISE 2\EXERCISE2.ASM 96 : Found opcode in column 1. (MOVLW)
Warning[203] X:\TERM 7\LBYEC3L\1_LAB ACTIVITIES\EXPERIMENT 2\MPLAB\EXERCISE 2\EXERCISE2.ASM 97 : Found opcode in column 1. (MOVWF)
Warning[203] X:\TERM 7\LBYEC3L\1_LAB ACTIVITIES\EXPERIMENT 2\MPLAB\EXERCISE 2\EXERCISE2.ASM 101 : Found opcode in column 1. (MOVLW)
Warning[203] X:\TERM 7\LBYEC3L\1_LAB ACTIVITIES\EXPERIMENT 2\MPLAB\EXERCISE 2\EXERCISE2.ASM 102 : Found opcode in column 1. (MOVWF)
Warning[203] X:\TERM 7\LBYEC3L\1_LAB ACTIVITIES\EXPERIMENT 2\MPLAB\EXERCISE 2\EXERCISE2.ASM 103 : Found opcode in column 1. (MOVLW)
Warning[203] X:\TERM 7\LBYEC3L\1_LAB ACTIVITIES\EXPERIMENT 2\MPLAB\EXERCISE 2\EXERCISE2.ASM 104 : Found opcode in column 1. (MOVWF)
Warning[203] X:\TERM 7\LBYEC3L\1_LAB ACTIVITIES\EXPERIMENT 2\MPLAB\EXERCISE 2\EXERCISE2.ASM 108 : Found opcode in column 1. (MOVLW)
Warning[203] X:\TERM 7\LBYEC3L\1_LAB ACTIVITIES\EXPERIMENT 2\MPLAB\EXERCISE 2\EXERCISE2.ASM 109 : Found opcode in column 1. (MOVWF)
Warning[203] X:\TERM 7\LBYEC3L\1_LAB ACTIVITIES\EXPERIMENT 2\MPLAB\EXERCISE 2\EXERCISE2.ASM 110 : Found opcode in column 1. (MOVLW)
Warning[203] X:\TERM 7\LBYEC3L\1_LAB ACTIVITIES\EXPERIMENT 2\MPLAB\EXERCISE 2\EXERCISE2.ASM 111 : Found opcode in column 1. (MOVWF)
Warning[203] X:\TERM 7\LBYEC3L\1_LAB ACTIVITIES\EXPERIMENT 2\MPLAB\EXERCISE 2\EXERCISE2.ASM 115 : Found opcode in column 1. (MOVLW)
Warning[203] X:\TERM 7\LBYEC3L\1_LAB ACTIVITIES\EXPERIMENT 2\MPLAB\EXERCISE 2\EXERCISE2.ASM 116 : Found opcode in column 1. (MOVWF)
Warning[203] X:\TERM 7\LBYEC3L\1_LAB ACTIVITIES\EXPERIMENT 2\MPLAB\EXERCISE 2\EXERCISE2.ASM 117 : Found opcode in column 1. (MOVLW)
Warning[203] X:\TERM 7\LBYEC3L\1_LAB ACTIVITIES\EXPERIMENT 2\MPLAB\EXERCISE 2\EXERCISE2.ASM 118 : Found opcode in column 1. (MOVWF)
Warning[203] X:\TERM 7\LBYEC3L\1_LAB ACTIVITIES\EXPERIMENT 2\MPLAB\EXERCISE 2\EXERCISE2.ASM 122 : Found opcode in column 1. (BTFSC)
Warning[203] X:\TERM 7\LBYEC3L\1_LAB ACTIVITIES\EXPERIMENT 2\MPLAB\EXERCISE 2\EXERCISE2.ASM 127 : Found opcode in column 1. (BTFSC)
Warning[203] X:\TERM 7\LBYEC3L\1_LAB ACTIVITIES\EXPERIMENT 2\MPLAB\EXERCISE 2\EXERCISE2.ASM 132 : Found opcode in column 1. (BTFSC)
Warning[203] X:\TERM 7\LBYEC3L\1_LAB ACTIVITIES\EXPERIMENT 2\MPLAB\EXERCISE 2\EXERCISE2.ASM 137 : Found opcode in column 1. (BTFSC)
Warning[203] X:\TERM 7\LBYEC3L\1_LAB ACTIVITIES\EXPERIMENT 2\MPLAB\EXERCISE 2\EXERCISE2.ASM 148 : Found opcode in column 1. (BTFSC)
Warning[203] X:\TERM 7\LBYEC3L\1_LAB ACTIVITIES\EXPERIMENT 2\MPLAB\EXERCISE 2\EXERCISE2.ASM 159 : Found opcode in column 1. (BTFSC)
Warning[203] X:\TERM 7\LBYEC3L\1_LAB ACTIVITIES\EXPERIMENT 2\MPLAB\EXERCISE 2\EXERCISE2.ASM 164 : Found opcode in column 1. (BTFSC)
Warning[203] X:\TERM 7\LBYEC3L\1_LAB ACTIVITIES\EXPERIMENT 2\MPLAB\EXERCISE 2\EXERCISE2.ASM 175 : Found opcode in column 1. (BTFSC)
Warning[203] X:\TERM 7\LBYEC3L\1_LAB ACTIVITIES\EXPERIMENT 2\MPLAB\EXERCISE 2\EXERCISE2.ASM 186 : Found opcode in column 1. (BTFSC)
Warning[203] X:\TERM 7\LBYEC3L\1_LAB ACTIVITIES\EXPERIMENT 2\MPLAB\EXERCISE 2\EXERCISE2.ASM 191 : Found opcode in column 1. (BTFSC)
Warning[203] X:\TERM 7\LBYEC3L\1_LAB ACTIVITIES\EXPERIMENT 2\MPLAB\EXERCISE 2\EXERCISE2.ASM 196 : Found opcode in column 1. (BTFSC)
Warning[203] X:\TERM 7\LBYEC3L\1_LAB ACTIVITIES\EXPERIMENT 2\MPLAB\EXERCISE 2\EXERCISE2.ASM 207 : Found opcode in column 1. (BTFSC)
Warning[203] X:\TERM 7\LBYEC3L\1_LAB ACTIVITIES\EXPERIMENT 2\MPLAB\EXERCISE 2\EXERCISE2.ASM 218 : Found opcode in column 1. (BTFSC)
Warning[203] X:\TERM 7\LBYEC3L\1_LAB ACTIVITIES\EXPERIMENT 2\MPLAB\EXERCISE 2\EXERCISE2.ASM 223 : Found opcode in column 1. (BTFSC)
Warning[203] X:\TERM 7\LBYEC3L\1_LAB ACTIVITIES\EXPERIMENT 2\MPLAB\EXERCISE 2\EXERCISE2.ASM 234 : Found opcode in column 1. (BTFSC)
Warning[205] X:\TERM 7\LBYEC3L\1_LAB ACTIVITIES\EXPERIMENT 2\MPLAB\EXERCISE 2\EXERCISE2.ASM 244 : Found directive in column 1. (END)
